<?xml version="1.0" encoding="UTF-8"?>
<!-- Generated by org.testng.reporters.JUnitReportReporter -->
<testsuite skipped="0" hostname="DESKTOP-DC07V1Q" name="com.inetBanking.TestCases.TC_AddCustomerTest_003" tests="1" failures="0" timestamp="11 Feb 2020 18:36:51 GMT" time="16.509" errors="0">
  <testcase name="addNewCustomer" time="16.509" classname="com.inetBanking.TestCases.TC_AddCustomerTest_003"/>
</testsuite> <!-- com.inetBanking.TestCases.TC_AddCustomerTest_003 -->
