<?xml version="1.0" encoding="UTF-8"?>
<!-- Generated by org.testng.reporters.JUnitReportReporter -->
<testsuite skipped="0" hostname="DESKTOP-DC07V1Q" name="com.inetBanking.TestCases.TC_EditCustomer_004" tests="1" failures="0" timestamp="11 Feb 2020 18:36:51 GMT" time="7.515" errors="0">
  <testcase name="editCustomer" time="7.515" classname="com.inetBanking.TestCases.TC_EditCustomer_004"/>
</testsuite> <!-- com.inetBanking.TestCases.TC_EditCustomer_004 -->
