<?xml version="1.0" encoding="UTF-8"?>
<!-- Generated by org.testng.reporters.JUnitReportReporter -->
<testsuite skipped="0" hostname="DESKTOP-DC07V1Q" name="com.inetBanking.TestCases.TC_LoginTest_001" tests="1" failures="0" timestamp="09 Feb 2020 00:35:42 GMT" time="0.919" errors="0">
  <testcase name="loginTest" time="0.919" classname="com.inetBanking.TestCases.TC_LoginTest_001"/>
</testsuite> <!-- com.inetBanking.TestCases.TC_LoginTest_001 -->
