<?xml version="1.0" encoding="UTF-8"?>
<!-- Generated by org.testng.reporters.JUnitReportReporter -->
<testsuite skipped="0" hostname="DESKTOP-DC07V1Q" name="com.inetBanking.TestCases.TC_AddCustomerTest_003" tests="1" failures="0" timestamp="09 Feb 2020 00:35:42 GMT" time="13.174" errors="0">
  <testcase name="addNewCustomer" time="13.174" classname="com.inetBanking.TestCases.TC_AddCustomerTest_003"/>
</testsuite> <!-- com.inetBanking.TestCases.TC_AddCustomerTest_003 -->
