<?xml version="1.0" encoding="UTF-8"?>
<!-- Generated by org.testng.reporters.JUnitReportReporter -->
<testsuite skipped="0" hostname="DESKTOP-DC07V1Q" name="com.inetBanking.TestCases.TC_loginTest_002" tests="3" failures="0" timestamp="09 Feb 2020 04:30:11 GMT" time="3.729" errors="0">
  <testcase name="loginDDT" time="1.334" classname="com.inetBanking.TestCases.TC_loginTest_002"/>
  <testcase name="loginDDT" time="1.140" classname="com.inetBanking.TestCases.TC_loginTest_002"/>
  <testcase name="loginDDT" time="1.255" classname="com.inetBanking.TestCases.TC_loginTest_002"/>
</testsuite> <!-- com.inetBanking.TestCases.TC_loginTest_002 -->
